
---- Протокол ---- 
Дата: 20.12.22 23:37:36 ---- 
---- Параметры ---- 
 -in: ex1.txt
 -out: ex1.txt.asm
 -log: ex1.txt.log
----------------------------------Исхдные данныe-------------------------------
uint func sum ( uint a , uint b ) 
 { 
 new uint c = a + b ; 
 ret a ; 
 } 
 
 main
  { 
 new uint a = sum ( 9 ) ; 
 print a ; 
 } 
 
 
Всего символов: 135
Всего строк: 12
Пропущено: 0
-------------------------------------------------------------------------------

		Таблица лексем
------------------------------------------------------------------------------------------
   # | Лексема                     | Строка                      | Индекс в ТИ
------------------------------------------------------------------------------------------
0000 | t                           | 1                           | -
0001 | f                           | 1                           | -
0002 | i                           | 1                           | 0                      
0003 | (                           | 1                           | -
0004 | t                           | 1                           | -
0005 | i                           | 1                           | 1                      
0006 | ,                           | 1                           | -
0007 | t                           | 1                           | -
0008 | i                           | 1                           | 2                      
0009 | )                           | 1                           | -
0010 | {                           | 2                           | -
0011 | d                           | 3                           | -
0012 | t                           | 3                           | -
0013 | i                           | 3                           | 3                      
0014 | =                           | 3                           | -
0015 | i                           | 3                           | 1                      
0016 | v                       +   | 3                           | 4                      
0017 | i                           | 3                           | 2                      
0018 | ;                           | 3                           | -
0019 | r                           | 4                           | -
0020 | i                           | 4                           | 1                      
0021 | ;                           | 4                           | -
0022 | }                           | 5                           | -
0023 | m                           | 7                           | 5                      
0024 | {                           | 8                           | -
0025 | d                           | 9                           | -
0026 | t                           | 9                           | -
0027 | i                           | 9                           | 6                      
0028 | =                           | 9                           | -
0029 | i                           | 9                           | 0                      
0030 | (                           | 9                           | -
0031 | l                           | 9                           | 7                      
0032 | )                           | 9                           | -
0033 | ;                           | 9                           | -
0034 | p                           | 10                          | -
0035 | i                           | 10                          | 6                      
0036 | ;                           | 10                          | -
0037 | }                           | 11                          | -
------------------------------------------------------------------------------------------
	Всего лексем: 38
------------------------------------------------------------------------------------------
Шаг-:Правило-------------Входная лента-----------------Стек----------------
0---: S->tfiFBS-----------tfi(ti,ti){dti=ivi;ri;}m{-----S$------------------
0---: SAVESTATE:----------1
0---:  -------------------tfi(ti,ti){dti=ivi;ri;}m{-----tfiFBS$-------------
1---:  -------------------fi(ti,ti){dti=ivi;ri;}m{d-----fiFBS$--------------
2---:  -------------------i(ti,ti){dti=ivi;ri;}m{dt-----iFBS$---------------
3---:  -------------------(ti,ti){dti=ivi;ri;}m{dti-----FBS$----------------
4---: F->(P)--------------(ti,ti){dti=ivi;ri;}m{dti-----FBS$----------------
4---: SAVESTATE:----------2
4---:  -------------------(ti,ti){dti=ivi;ri;}m{dti-----(P)BS$--------------
5---:  -------------------ti,ti){dti=ivi;ri;}m{dti=-----P)BS$---------------
6---: P->ti---------------ti,ti){dti=ivi;ri;}m{dti=-----P)BS$---------------
6---: SAVESTATE:----------3
6---:  -------------------ti,ti){dti=ivi;ri;}m{dti=-----ti)BS$--------------
7---:  -------------------i,ti){dti=ivi;ri;}m{dti=i-----i)BS$---------------
8---:  -------------------,ti){dti=ivi;ri;}m{dti=i(-----)BS$----------------
9---: TS_NOK/NS_NORULECHAIN
9---: RESTATE-------------
9---:  -------------------ti,ti){dti=ivi;ri;}m{dti=-----P)BS$---------------
10--: P->ti,P-------------ti,ti){dti=ivi;ri;}m{dti=-----P)BS$---------------
10--: SAVESTATE:----------3
10--:  -------------------ti,ti){dti=ivi;ri;}m{dti=-----ti,P)BS$------------
11--:  -------------------i,ti){dti=ivi;ri;}m{dti=i-----i,P)BS$-------------
12--:  -------------------,ti){dti=ivi;ri;}m{dti=i(-----,P)BS$--------------
13--:  -------------------ti){dti=ivi;ri;}m{dti=i(l-----P)BS$---------------
14--: P->ti---------------ti){dti=ivi;ri;}m{dti=i(l-----P)BS$---------------
14--: SAVESTATE:----------4
14--:  -------------------ti){dti=ivi;ri;}m{dti=i(l-----ti)BS$--------------
15--:  -------------------i){dti=ivi;ri;}m{dti=i(l)-----i)BS$---------------
16--:  -------------------){dti=ivi;ri;}m{dti=i(l);-----)BS$----------------
17--:  -------------------{dti=ivi;ri;}m{dti=i(l);p-----BS$-----------------
18--: B->{NrI;}-----------{dti=ivi;ri;}m{dti=i(l);p-----BS$-----------------
18--: SAVESTATE:----------5
18--:  -------------------{dti=ivi;ri;}m{dti=i(l);p-----{NrI;}S$------------
19--:  -------------------dti=ivi;ri;}m{dti=i(l);pi-----NrI;}S$-------------
20--: N->dti;N------------dti=ivi;ri;}m{dti=i(l);pi-----NrI;}S$-------------
20--: SAVESTATE:----------6
20--:  -------------------dti=ivi;ri;}m{dti=i(l);pi-----dti;NrI;}S$---------
21--:  -------------------ti=ivi;ri;}m{dti=i(l);pi;-----ti;NrI;}S$----------
22--:  -------------------i=ivi;ri;}m{dti=i(l);pi;}-----i;NrI;}S$-----------
23--:  -------------------=ivi;ri;}m{dti=i(l);pi;}------;NrI;}S$------------
24--: TS_NOK/NS_NORULECHAIN
24--: RESTATE-------------
24--:  -------------------dti=ivi;ri;}m{dti=i(l);pi-----NrI;}S$-------------
25--: N->dti=E;N----------dti=ivi;ri;}m{dti=i(l);pi-----NrI;}S$-------------
25--: SAVESTATE:----------6
25--:  -------------------dti=ivi;ri;}m{dti=i(l);pi-----dti=E;NrI;}S$-------
26--:  -------------------ti=ivi;ri;}m{dti=i(l);pi;-----ti=E;NrI;}S$--------
27--:  -------------------i=ivi;ri;}m{dti=i(l);pi;}-----i=E;NrI;}S$---------
28--:  -------------------=ivi;ri;}m{dti=i(l);pi;}------=E;NrI;}S$----------
29--:  -------------------ivi;ri;}m{dti=i(l);pi;}-------E;NrI;}S$-----------
30--: E->i----------------ivi;ri;}m{dti=i(l);pi;}-------E;NrI;}S$-----------
30--: SAVESTATE:----------7
30--:  -------------------ivi;ri;}m{dti=i(l);pi;}-------i;NrI;}S$-----------
31--:  -------------------vi;ri;}m{dti=i(l);pi;}--------;NrI;}S$------------
32--: TS_NOK/NS_NORULECHAIN
32--: RESTATE-------------
32--:  -------------------ivi;ri;}m{dti=i(l);pi;}-------E;NrI;}S$-----------
33--: E->iM---------------ivi;ri;}m{dti=i(l);pi;}-------E;NrI;}S$-----------
33--: SAVESTATE:----------7
33--:  -------------------ivi;ri;}m{dti=i(l);pi;}-------iM;NrI;}S$----------
34--:  -------------------vi;ri;}m{dti=i(l);pi;}--------M;NrI;}S$-----------
35--: M->vE---------------vi;ri;}m{dti=i(l);pi;}--------M;NrI;}S$-----------
35--: SAVESTATE:----------8
35--:  -------------------vi;ri;}m{dti=i(l);pi;}--------vE;NrI;}S$----------
36--:  -------------------i;ri;}m{dti=i(l);pi;}---------E;NrI;}S$-----------
37--: E->i----------------i;ri;}m{dti=i(l);pi;}---------E;NrI;}S$-----------
37--: SAVESTATE:----------9
37--:  -------------------i;ri;}m{dti=i(l);pi;}---------i;NrI;}S$-----------
38--:  -------------------;ri;}m{dti=i(l);pi;}----------;NrI;}S$------------
39--:  -------------------ri;}m{dti=i(l);pi;}-----------NrI;}S$-------------
40--: TNS_NORULECHAIN/NS_NORULE
40--: RESTATE-------------
40--:  -------------------i;ri;}m{dti=i(l);pi;}---------E;NrI;}S$-----------
41--: E->iM---------------i;ri;}m{dti=i(l);pi;}---------E;NrI;}S$-----------
41--: SAVESTATE:----------9
41--:  -------------------i;ri;}m{dti=i(l);pi;}---------iM;NrI;}S$----------
42--:  -------------------;ri;}m{dti=i(l);pi;}----------M;NrI;}S$-----------
43--: TNS_NORULECHAIN/NS_NORULE
43--: RESTATE-------------
43--:  -------------------i;ri;}m{dti=i(l);pi;}---------E;NrI;}S$-----------
44--: E->iK---------------i;ri;}m{dti=i(l);pi;}---------E;NrI;}S$-----------
44--: SAVESTATE:----------9
44--:  -------------------i;ri;}m{dti=i(l);pi;}---------iK;NrI;}S$----------
45--:  -------------------;ri;}m{dti=i(l);pi;}----------K;NrI;}S$-----------
46--: TNS_NORULECHAIN/NS_NORULE
46--: RESTATE-------------
46--:  -------------------i;ri;}m{dti=i(l);pi;}---------E;NrI;}S$-----------
47--: E->iKM--------------i;ri;}m{dti=i(l);pi;}---------E;NrI;}S$-----------
47--: SAVESTATE:----------9
47--:  -------------------i;ri;}m{dti=i(l);pi;}---------iKM;NrI;}S$---------
48--:  -------------------;ri;}m{dti=i(l);pi;}----------KM;NrI;}S$----------
49--: TNS_NORULECHAIN/NS_NORULE
49--: RESTATE-------------
49--:  -------------------i;ri;}m{dti=i(l);pi;}---------E;NrI;}S$-----------
50--: TNS_NORULECHAIN/NS_NORULE
50--: RESTATE-------------
50--:  -------------------vi;ri;}m{dti=i(l);pi;}--------M;NrI;}S$-----------
51--: TNS_NORULECHAIN/NS_NORULE
51--: RESTATE-------------
51--:  -------------------ivi;ri;}m{dti=i(l);pi;}-------E;NrI;}S$-----------
52--: E->iK---------------ivi;ri;}m{dti=i(l);pi;}-------E;NrI;}S$-----------
52--: SAVESTATE:----------7
52--:  -------------------ivi;ri;}m{dti=i(l);pi;}-------iK;NrI;}S$----------
53--:  -------------------vi;ri;}m{dti=i(l);pi;}--------K;NrI;}S$-----------
54--: TNS_NORULECHAIN/NS_NORULE
54--: RESTATE-------------
54--:  -------------------ivi;ri;}m{dti=i(l);pi;}-------E;NrI;}S$-----------
55--: E->iKM--------------ivi;ri;}m{dti=i(l);pi;}-------E;NrI;}S$-----------
55--: SAVESTATE:----------7
55--:  -------------------ivi;ri;}m{dti=i(l);pi;}-------iKM;NrI;}S$---------
56--:  -------------------vi;ri;}m{dti=i(l);pi;}--------KM;NrI;}S$----------
57--: TNS_NORULECHAIN/NS_NORULE
57--: RESTATE-------------
57--:  -------------------ivi;ri;}m{dti=i(l);pi;}-------E;NrI;}S$-----------
58--: TNS_NORULECHAIN/NS_NORULE
58--: RESTATE-------------
58--:  -------------------dti=ivi;ri;}m{dti=i(l);pi-----NrI;}S$-------------
59--: N->dti;-------------dti=ivi;ri;}m{dti=i(l);pi-----NrI;}S$-------------
59--: SAVESTATE:----------6
59--:  -------------------dti=ivi;ri;}m{dti=i(l);pi-----dti;rI;}S$----------
60--:  -------------------ti=ivi;ri;}m{dti=i(l);pi;-----ti;rI;}S$-----------
61--:  -------------------i=ivi;ri;}m{dti=i(l);pi;}-----i;rI;}S$------------
62--:  -------------------=ivi;ri;}m{dti=i(l);pi;}------;rI;}S$-------------
63--: TS_NOK/NS_NORULECHAIN
63--: RESTATE-------------
63--:  -------------------dti=ivi;ri;}m{dti=i(l);pi-----NrI;}S$-------------
64--: N->dti=E;-----------dti=ivi;ri;}m{dti=i(l);pi-----NrI;}S$-------------
64--: SAVESTATE:----------6
64--:  -------------------dti=ivi;ri;}m{dti=i(l);pi-----dti=E;rI;}S$--------
65--:  -------------------ti=ivi;ri;}m{dti=i(l);pi;-----ti=E;rI;}S$---------
66--:  -------------------i=ivi;ri;}m{dti=i(l);pi;}-----i=E;rI;}S$----------
67--:  -------------------=ivi;ri;}m{dti=i(l);pi;}------=E;rI;}S$-----------
68--:  -------------------ivi;ri;}m{dti=i(l);pi;}-------E;rI;}S$------------
69--: E->i----------------ivi;ri;}m{dti=i(l);pi;}-------E;rI;}S$------------
69--: SAVESTATE:----------7
69--:  -------------------ivi;ri;}m{dti=i(l);pi;}-------i;rI;}S$------------
70--:  -------------------vi;ri;}m{dti=i(l);pi;}--------;rI;}S$-------------
71--: TS_NOK/NS_NORULECHAIN
71--: RESTATE-------------
71--:  -------------------ivi;ri;}m{dti=i(l);pi;}-------E;rI;}S$------------
72--: E->iM---------------ivi;ri;}m{dti=i(l);pi;}-------E;rI;}S$------------
72--: SAVESTATE:----------7
72--:  -------------------ivi;ri;}m{dti=i(l);pi;}-------iM;rI;}S$-----------
73--:  -------------------vi;ri;}m{dti=i(l);pi;}--------M;rI;}S$------------
74--: M->vE---------------vi;ri;}m{dti=i(l);pi;}--------M;rI;}S$------------
74--: SAVESTATE:----------8
74--:  -------------------vi;ri;}m{dti=i(l);pi;}--------vE;rI;}S$-----------
75--:  -------------------i;ri;}m{dti=i(l);pi;}---------E;rI;}S$------------
76--: E->i----------------i;ri;}m{dti=i(l);pi;}---------E;rI;}S$------------
76--: SAVESTATE:----------9
76--:  -------------------i;ri;}m{dti=i(l);pi;}---------i;rI;}S$------------
77--:  -------------------;ri;}m{dti=i(l);pi;}----------;rI;}S$-------------
78--:  -------------------ri;}m{dti=i(l);pi;}-----------rI;}S$--------------
79--:  -------------------i;}m{dti=i(l);pi;}------------I;}S$---------------
80--: I->i----------------i;}m{dti=i(l);pi;}------------I;}S$---------------
80--: SAVESTATE:----------10
80--:  -------------------i;}m{dti=i(l);pi;}------------i;}S$---------------
81--:  -------------------;}m{dti=i(l);pi;}-------------;}S$----------------
82--:  -------------------}m{dti=i(l);pi;}--------------}S$-----------------
83--:  -------------------m{dti=i(l);pi;}---------------S$------------------
84--: S->m{N}-------------m{dti=i(l);pi;}---------------S$------------------
84--: SAVESTATE:----------11
84--:  -------------------m{dti=i(l);pi;}---------------m{N}$---------------
85--:  -------------------{dti=i(l);pi;}----------------{N}$----------------
86--:  -------------------dti=i(l);pi;}-----------------N}$-----------------
87--: N->dti;N------------dti=i(l);pi;}-----------------N}$-----------------
87--: SAVESTATE:----------12
87--:  -------------------dti=i(l);pi;}-----------------dti;N}$-------------
88--:  -------------------ti=i(l);pi;}------------------ti;N}$--------------
89--:  -------------------i=i(l);pi;}-------------------i;N}$---------------
90--:  -------------------=i(l);pi;}--------------------;N}$----------------
91--: TS_NOK/NS_NORULECHAIN
91--: RESTATE-------------
91--:  -------------------dti=i(l);pi;}-----------------N}$-----------------
92--: N->dti=E;N----------dti=i(l);pi;}-----------------N}$-----------------
92--: SAVESTATE:----------12
92--:  -------------------dti=i(l);pi;}-----------------dti=E;N}$-----------
93--:  -------------------ti=i(l);pi;}------------------ti=E;N}$------------
94--:  -------------------i=i(l);pi;}-------------------i=E;N}$-------------
95--:  -------------------=i(l);pi;}--------------------=E;N}$--------------
96--:  -------------------i(l);pi;}---------------------E;N}$---------------
97--: E->i----------------i(l);pi;}---------------------E;N}$---------------
97--: SAVESTATE:----------13
97--:  -------------------i(l);pi;}---------------------i;N}$---------------
98--:  -------------------(l);pi;}----------------------;N}$----------------
99--: TS_NOK/NS_NORULECHAIN
99--: RESTATE-------------
99--:  -------------------i(l);pi;}---------------------E;N}$---------------
100-: E->iM---------------i(l);pi;}---------------------E;N}$---------------
100-: SAVESTATE:----------13
100-:  -------------------i(l);pi;}---------------------iM;N}$--------------
101-:  -------------------(l);pi;}----------------------M;N}$---------------
102-: TNS_NORULECHAIN/NS_NORULE
102-: RESTATE-------------
102-:  -------------------i(l);pi;}---------------------E;N}$---------------
103-: E->iK---------------i(l);pi;}---------------------E;N}$---------------
103-: SAVESTATE:----------13
103-:  -------------------i(l);pi;}---------------------iK;N}$--------------
104-:  -------------------(l);pi;}----------------------K;N}$---------------
105-: K->(W)--------------(l);pi;}----------------------K;N}$---------------
105-: SAVESTATE:----------14
105-:  -------------------(l);pi;}----------------------(W);N}$-------------
106-:  -------------------l);pi;}-----------------------W);N}$--------------
107-: W->l----------------l);pi;}-----------------------W);N}$--------------
107-: SAVESTATE:----------15
107-:  -------------------l);pi;}-----------------------l);N}$--------------
108-:  -------------------);pi;}------------------------);N}$---------------
109-:  -------------------;pi;}-------------------------;N}$----------------
110-:  -------------------pi;}--------------------------N}$-----------------
111-: N->pI;N-------------pi;}--------------------------N}$-----------------
111-: SAVESTATE:----------16
111-:  -------------------pi;}--------------------------pI;N}$--------------
112-:  -------------------i;}---------------------------I;N}$---------------
113-: I->i----------------i;}---------------------------I;N}$---------------
113-: SAVESTATE:----------17
113-:  -------------------i;}---------------------------i;N}$---------------
114-:  -------------------;}----------------------------;N}$----------------
115-:  -------------------}-----------------------------N}$-----------------
116-: TNS_NORULECHAIN/NS_NORULE
116-: RESTATE-------------
116-:  -------------------i;}---------------------------I;N}$---------------
117-: TNS_NORULECHAIN/NS_NORULE
117-: RESTATE-------------
117-:  -------------------pi;}--------------------------N}$-----------------
118-: N->pI;--------------pi;}--------------------------N}$-----------------
118-: SAVESTATE:----------16
118-:  -------------------pi;}--------------------------pI;}$---------------
119-:  -------------------i;}---------------------------I;}$----------------
120-: I->i----------------i;}---------------------------I;}$----------------
120-: SAVESTATE:----------17
120-:  -------------------i;}---------------------------i;}$----------------
121-:  -------------------;}----------------------------;}$-----------------
122-:  -------------------}-----------------------------}$------------------
123-:  -------------------------------------------------$-------------------
124-: LENTA_END-----------
125-: ------>LENTA_END----
--------------------------------------------
0---: всего строк 38, синтаксический анализ выполнен без ошибок
0---: S->tfiFBS-----------
3---: F->(P)--------------
4---: P->ti,P-------------
7---: P->ti---------------
10--: B->{NrI;}-----------
11--: N->dti=E;-----------
15--: E->iM---------------
16--: M->vE---------------
17--: E->i----------------
20--: I->i----------------
23--: S->m{N}-------------
25--: N->dti=E;N----------
29--: E->iK---------------
30--: K->(W)--------------
31--: W->l----------------
34--: N->pI;--------------
35--: I->i----------------
ОШИБКА 315: [Семантическая ошибка] Несоответствие количества передаваемых параметров функции Строка 9, позиция: 29
