
---- Протокол ---- 
Дата: 20.12.22 23:39:04 ---- 
---- Параметры ---- 
 -in: ex3.txt
 -out: ex3.txt.asm
 -log: ex3.txt.log
----------------------------------Исхдные данныe-------------------------------
uint func sum ( uint a , uint b ) 
 { 
 new uint c = a + b ; 
 print c ; 
 ret 0 ; 
 } 
 
 main
  { 
 new uint a = 8 / sum ( 9 , 5 ) ; 
 print a ; 
 } 
 
 
Всего символов: 155
Всего строк: 13
Пропущено: 0
-------------------------------------------------------------------------------

		Таблица лексем
------------------------------------------------------------------------------------------
   # | Лексема                     | Строка                      | Индекс в ТИ
------------------------------------------------------------------------------------------
0000 | t                           | 1                           | -
0001 | f                           | 1                           | -
0002 | i                           | 1                           | 0                      
0003 | (                           | 1                           | -
0004 | t                           | 1                           | -
0005 | i                           | 1                           | 1                      
0006 | ,                           | 1                           | -
0007 | t                           | 1                           | -
0008 | i                           | 1                           | 2                      
0009 | )                           | 1                           | -
0010 | {                           | 2                           | -
0011 | d                           | 3                           | -
0012 | t                           | 3                           | -
0013 | i                           | 3                           | 3                      
0014 | =                           | 3                           | -
0015 | i                           | 3                           | 1                      
0016 | v                       +   | 3                           | 4                      
0017 | i                           | 3                           | 2                      
0018 | ;                           | 3                           | -
0019 | p                           | 4                           | -
0020 | i                           | 4                           | 3                      
0021 | ;                           | 4                           | -
0022 | r                           | 5                           | -
0023 | l                           | 5                           | 5                      
0024 | ;                           | 5                           | -
0025 | }                           | 6                           | -
0026 | m                           | 8                           | 6                      
0027 | {                           | 9                           | -
0028 | d                           | 10                          | -
0029 | t                           | 10                          | -
0030 | i                           | 10                          | 7                      
0031 | =                           | 10                          | -
0032 | l                           | 10                          | 8                      
0033 | v                       /   | 10                          | 9                      
0034 | i                           | 10                          | 0                      
0035 | (                           | 10                          | -
0036 | l                           | 10                          | 10                     
0037 | ,                           | 10                          | -
0038 | l                           | 10                          | 11                     
0039 | )                           | 10                          | -
0040 | ;                           | 10                          | -
0041 | p                           | 11                          | -
0042 | i                           | 11                          | 7                      
0043 | ;                           | 11                          | -
0044 | }                           | 12                          | -
------------------------------------------------------------------------------------------
	Всего лексем: 45
------------------------------------------------------------------------------------------
Шаг-:Правило-------------Входная лента-----------------Стек----------------
0---: S->tfiFBS-----------tfi(ti,ti){dti=ivi;pi;rl;-----S$------------------
0---: SAVESTATE:----------1
0---:  -------------------tfi(ti,ti){dti=ivi;pi;rl;-----tfiFBS$-------------
1---:  -------------------fi(ti,ti){dti=ivi;pi;rl;}-----fiFBS$--------------
2---:  -------------------i(ti,ti){dti=ivi;pi;rl;}m-----iFBS$---------------
3---:  -------------------(ti,ti){dti=ivi;pi;rl;}m{-----FBS$----------------
4---: F->(P)--------------(ti,ti){dti=ivi;pi;rl;}m{-----FBS$----------------
4---: SAVESTATE:----------2
4---:  -------------------(ti,ti){dti=ivi;pi;rl;}m{-----(P)BS$--------------
5---:  -------------------ti,ti){dti=ivi;pi;rl;}m{d-----P)BS$---------------
6---: P->ti---------------ti,ti){dti=ivi;pi;rl;}m{d-----P)BS$---------------
6---: SAVESTATE:----------3
6---:  -------------------ti,ti){dti=ivi;pi;rl;}m{d-----ti)BS$--------------
7---:  -------------------i,ti){dti=ivi;pi;rl;}m{dt-----i)BS$---------------
8---:  -------------------,ti){dti=ivi;pi;rl;}m{dti-----)BS$----------------
9---: TS_NOK/NS_NORULECHAIN
9---: RESTATE-------------
9---:  -------------------ti,ti){dti=ivi;pi;rl;}m{d-----P)BS$---------------
10--: P->ti,P-------------ti,ti){dti=ivi;pi;rl;}m{d-----P)BS$---------------
10--: SAVESTATE:----------3
10--:  -------------------ti,ti){dti=ivi;pi;rl;}m{d-----ti,P)BS$------------
11--:  -------------------i,ti){dti=ivi;pi;rl;}m{dt-----i,P)BS$-------------
12--:  -------------------,ti){dti=ivi;pi;rl;}m{dti-----,P)BS$--------------
13--:  -------------------ti){dti=ivi;pi;rl;}m{dti=-----P)BS$---------------
14--: P->ti---------------ti){dti=ivi;pi;rl;}m{dti=-----P)BS$---------------
14--: SAVESTATE:----------4
14--:  -------------------ti){dti=ivi;pi;rl;}m{dti=-----ti)BS$--------------
15--:  -------------------i){dti=ivi;pi;rl;}m{dti=l-----i)BS$---------------
16--:  -------------------){dti=ivi;pi;rl;}m{dti=lv-----)BS$----------------
17--:  -------------------{dti=ivi;pi;rl;}m{dti=lvi-----BS$-----------------
18--: B->{NrI;}-----------{dti=ivi;pi;rl;}m{dti=lvi-----BS$-----------------
18--: SAVESTATE:----------5
18--:  -------------------{dti=ivi;pi;rl;}m{dti=lvi-----{NrI;}S$------------
19--:  -------------------dti=ivi;pi;rl;}m{dti=lvi(-----NrI;}S$-------------
20--: N->dti;N------------dti=ivi;pi;rl;}m{dti=lvi(-----NrI;}S$-------------
20--: SAVESTATE:----------6
20--:  -------------------dti=ivi;pi;rl;}m{dti=lvi(-----dti;NrI;}S$---------
21--:  -------------------ti=ivi;pi;rl;}m{dti=lvi(l-----ti;NrI;}S$----------
22--:  -------------------i=ivi;pi;rl;}m{dti=lvi(l,-----i;NrI;}S$-----------
23--:  -------------------=ivi;pi;rl;}m{dti=lvi(l,l-----;NrI;}S$------------
24--: TS_NOK/NS_NORULECHAIN
24--: RESTATE-------------
24--:  -------------------dti=ivi;pi;rl;}m{dti=lvi(-----NrI;}S$-------------
25--: N->dti=E;N----------dti=ivi;pi;rl;}m{dti=lvi(-----NrI;}S$-------------
25--: SAVESTATE:----------6
25--:  -------------------dti=ivi;pi;rl;}m{dti=lvi(-----dti=E;NrI;}S$-------
26--:  -------------------ti=ivi;pi;rl;}m{dti=lvi(l-----ti=E;NrI;}S$--------
27--:  -------------------i=ivi;pi;rl;}m{dti=lvi(l,-----i=E;NrI;}S$---------
28--:  -------------------=ivi;pi;rl;}m{dti=lvi(l,l-----=E;NrI;}S$----------
29--:  -------------------ivi;pi;rl;}m{dti=lvi(l,l)-----E;NrI;}S$-----------
30--: E->i----------------ivi;pi;rl;}m{dti=lvi(l,l)-----E;NrI;}S$-----------
30--: SAVESTATE:----------7
30--:  -------------------ivi;pi;rl;}m{dti=lvi(l,l)-----i;NrI;}S$-----------
31--:  -------------------vi;pi;rl;}m{dti=lvi(l,l);-----;NrI;}S$------------
32--: TS_NOK/NS_NORULECHAIN
32--: RESTATE-------------
32--:  -------------------ivi;pi;rl;}m{dti=lvi(l,l)-----E;NrI;}S$-----------
33--: E->iM---------------ivi;pi;rl;}m{dti=lvi(l,l)-----E;NrI;}S$-----------
33--: SAVESTATE:----------7
33--:  -------------------ivi;pi;rl;}m{dti=lvi(l,l)-----iM;NrI;}S$----------
34--:  -------------------vi;pi;rl;}m{dti=lvi(l,l);-----M;NrI;}S$-----------
35--: M->vE---------------vi;pi;rl;}m{dti=lvi(l,l);-----M;NrI;}S$-----------
35--: SAVESTATE:----------8
35--:  -------------------vi;pi;rl;}m{dti=lvi(l,l);-----vE;NrI;}S$----------
36--:  -------------------i;pi;rl;}m{dti=lvi(l,l);p-----E;NrI;}S$-----------
37--: E->i----------------i;pi;rl;}m{dti=lvi(l,l);p-----E;NrI;}S$-----------
37--: SAVESTATE:----------9
37--:  -------------------i;pi;rl;}m{dti=lvi(l,l);p-----i;NrI;}S$-----------
38--:  -------------------;pi;rl;}m{dti=lvi(l,l);pi-----;NrI;}S$------------
39--:  -------------------pi;rl;}m{dti=lvi(l,l);pi;-----NrI;}S$-------------
40--: N->pI;N-------------pi;rl;}m{dti=lvi(l,l);pi;-----NrI;}S$-------------
40--: SAVESTATE:----------10
40--:  -------------------pi;rl;}m{dti=lvi(l,l);pi;-----pI;NrI;}S$----------
41--:  -------------------i;rl;}m{dti=lvi(l,l);pi;}-----I;NrI;}S$-----------
42--: I->i----------------i;rl;}m{dti=lvi(l,l);pi;}-----I;NrI;}S$-----------
42--: SAVESTATE:----------11
42--:  -------------------i;rl;}m{dti=lvi(l,l);pi;}-----i;NrI;}S$-----------
43--:  -------------------;rl;}m{dti=lvi(l,l);pi;}------;NrI;}S$------------
44--:  -------------------rl;}m{dti=lvi(l,l);pi;}-------NrI;}S$-------------
45--: TNS_NORULECHAIN/NS_NORULE
45--: RESTATE-------------
45--:  -------------------i;rl;}m{dti=lvi(l,l);pi;}-----I;NrI;}S$-----------
46--: TNS_NORULECHAIN/NS_NORULE
46--: RESTATE-------------
46--:  -------------------pi;rl;}m{dti=lvi(l,l);pi;-----NrI;}S$-------------
47--: N->pI;--------------pi;rl;}m{dti=lvi(l,l);pi;-----NrI;}S$-------------
47--: SAVESTATE:----------10
47--:  -------------------pi;rl;}m{dti=lvi(l,l);pi;-----pI;rI;}S$-----------
48--:  -------------------i;rl;}m{dti=lvi(l,l);pi;}-----I;rI;}S$------------
49--: I->i----------------i;rl;}m{dti=lvi(l,l);pi;}-----I;rI;}S$------------
49--: SAVESTATE:----------11
49--:  -------------------i;rl;}m{dti=lvi(l,l);pi;}-----i;rI;}S$------------
50--:  -------------------;rl;}m{dti=lvi(l,l);pi;}------;rI;}S$-------------
51--:  -------------------rl;}m{dti=lvi(l,l);pi;}-------rI;}S$--------------
52--:  -------------------l;}m{dti=lvi(l,l);pi;}--------I;}S$---------------
53--: I->l----------------l;}m{dti=lvi(l,l);pi;}--------I;}S$---------------
53--: SAVESTATE:----------12
53--:  -------------------l;}m{dti=lvi(l,l);pi;}--------l;}S$---------------
54--:  -------------------;}m{dti=lvi(l,l);pi;}---------;}S$----------------
55--:  -------------------}m{dti=lvi(l,l);pi;}----------}S$-----------------
56--:  -------------------m{dti=lvi(l,l);pi;}-----------S$------------------
57--: S->m{N}-------------m{dti=lvi(l,l);pi;}-----------S$------------------
57--: SAVESTATE:----------13
57--:  -------------------m{dti=lvi(l,l);pi;}-----------m{N}$---------------
58--:  -------------------{dti=lvi(l,l);pi;}------------{N}$----------------
59--:  -------------------dti=lvi(l,l);pi;}-------------N}$-----------------
60--: N->dti;N------------dti=lvi(l,l);pi;}-------------N}$-----------------
60--: SAVESTATE:----------14
60--:  -------------------dti=lvi(l,l);pi;}-------------dti;N}$-------------
61--:  -------------------ti=lvi(l,l);pi;}--------------ti;N}$--------------
62--:  -------------------i=lvi(l,l);pi;}---------------i;N}$---------------
63--:  -------------------=lvi(l,l);pi;}----------------;N}$----------------
64--: TS_NOK/NS_NORULECHAIN
64--: RESTATE-------------
64--:  -------------------dti=lvi(l,l);pi;}-------------N}$-----------------
65--: N->dti=E;N----------dti=lvi(l,l);pi;}-------------N}$-----------------
65--: SAVESTATE:----------14
65--:  -------------------dti=lvi(l,l);pi;}-------------dti=E;N}$-----------
66--:  -------------------ti=lvi(l,l);pi;}--------------ti=E;N}$------------
67--:  -------------------i=lvi(l,l);pi;}---------------i=E;N}$-------------
68--:  -------------------=lvi(l,l);pi;}----------------=E;N}$--------------
69--:  -------------------lvi(l,l);pi;}-----------------E;N}$---------------
70--: E->l----------------lvi(l,l);pi;}-----------------E;N}$---------------
70--: SAVESTATE:----------15
70--:  -------------------lvi(l,l);pi;}-----------------l;N}$---------------
71--:  -------------------vi(l,l);pi;}------------------;N}$----------------
72--: TS_NOK/NS_NORULECHAIN
72--: RESTATE-------------
72--:  -------------------lvi(l,l);pi;}-----------------E;N}$---------------
73--: E->lM---------------lvi(l,l);pi;}-----------------E;N}$---------------
73--: SAVESTATE:----------15
73--:  -------------------lvi(l,l);pi;}-----------------lM;N}$--------------
74--:  -------------------vi(l,l);pi;}------------------M;N}$---------------
75--: M->vE---------------vi(l,l);pi;}------------------M;N}$---------------
75--: SAVESTATE:----------16
75--:  -------------------vi(l,l);pi;}------------------vE;N}$--------------
76--:  -------------------i(l,l);pi;}-------------------E;N}$---------------
77--: E->i----------------i(l,l);pi;}-------------------E;N}$---------------
77--: SAVESTATE:----------17
77--:  -------------------i(l,l);pi;}-------------------i;N}$---------------
78--:  -------------------(l,l);pi;}--------------------;N}$----------------
79--: TS_NOK/NS_NORULECHAIN
79--: RESTATE-------------
79--:  -------------------i(l,l);pi;}-------------------E;N}$---------------
80--: E->iM---------------i(l,l);pi;}-------------------E;N}$---------------
80--: SAVESTATE:----------17
80--:  -------------------i(l,l);pi;}-------------------iM;N}$--------------
81--:  -------------------(l,l);pi;}--------------------M;N}$---------------
82--: TNS_NORULECHAIN/NS_NORULE
82--: RESTATE-------------
82--:  -------------------i(l,l);pi;}-------------------E;N}$---------------
83--: E->iK---------------i(l,l);pi;}-------------------E;N}$---------------
83--: SAVESTATE:----------17
83--:  -------------------i(l,l);pi;}-------------------iK;N}$--------------
84--:  -------------------(l,l);pi;}--------------------K;N}$---------------
85--: K->(W)--------------(l,l);pi;}--------------------K;N}$---------------
85--: SAVESTATE:----------18
85--:  -------------------(l,l);pi;}--------------------(W);N}$-------------
86--:  -------------------l,l);pi;}---------------------W);N}$--------------
87--: W->l----------------l,l);pi;}---------------------W);N}$--------------
87--: SAVESTATE:----------19
87--:  -------------------l,l);pi;}---------------------l);N}$--------------
88--:  -------------------,l);pi;}----------------------);N}$---------------
89--: TS_NOK/NS_NORULECHAIN
89--: RESTATE-------------
89--:  -------------------l,l);pi;}---------------------W);N}$--------------
90--: W->l,W--------------l,l);pi;}---------------------W);N}$--------------
90--: SAVESTATE:----------19
90--:  -------------------l,l);pi;}---------------------l,W);N}$------------
91--:  -------------------,l);pi;}----------------------,W);N}$-------------
92--:  -------------------l);pi;}-----------------------W);N}$--------------
93--: W->l----------------l);pi;}-----------------------W);N}$--------------
93--: SAVESTATE:----------20
93--:  -------------------l);pi;}-----------------------l);N}$--------------
94--:  -------------------);pi;}------------------------);N}$---------------
95--:  -------------------;pi;}-------------------------;N}$----------------
96--:  -------------------pi;}--------------------------N}$-----------------
97--: N->pI;N-------------pi;}--------------------------N}$-----------------
97--: SAVESTATE:----------21
97--:  -------------------pi;}--------------------------pI;N}$--------------
98--:  -------------------i;}---------------------------I;N}$---------------
99--: I->i----------------i;}---------------------------I;N}$---------------
99--: SAVESTATE:----------22
99--:  -------------------i;}---------------------------i;N}$---------------
100-:  -------------------;}----------------------------;N}$----------------
101-:  -------------------}-----------------------------N}$-----------------
102-: TNS_NORULECHAIN/NS_NORULE
102-: RESTATE-------------
102-:  -------------------i;}---------------------------I;N}$---------------
103-: TNS_NORULECHAIN/NS_NORULE
103-: RESTATE-------------
103-:  -------------------pi;}--------------------------N}$-----------------
104-: N->pI;--------------pi;}--------------------------N}$-----------------
104-: SAVESTATE:----------21
104-:  -------------------pi;}--------------------------pI;}$---------------
105-:  -------------------i;}---------------------------I;}$----------------
106-: I->i----------------i;}---------------------------I;}$----------------
106-: SAVESTATE:----------22
106-:  -------------------i;}---------------------------i;}$----------------
107-:  -------------------;}----------------------------;}$-----------------
108-:  -------------------}-----------------------------}$------------------
109-:  -------------------------------------------------$-------------------
110-: LENTA_END-----------
111-: ------>LENTA_END----
--------------------------------------------
0---: всего строк 45, синтаксический анализ выполнен без ошибок
0---: S->tfiFBS-----------
3---: F->(P)--------------
4---: P->ti,P-------------
7---: P->ti---------------
10--: B->{NrI;}-----------
11--: N->dti=E;N----------
15--: E->iM---------------
16--: M->vE---------------
17--: E->i----------------
19--: N->pI;--------------
20--: I->i----------------
23--: I->l----------------
26--: S->m{N}-------------
28--: N->dti=E;N----------
32--: E->lM---------------
33--: M->vE---------------
34--: E->iK---------------
35--: K->(W)--------------
36--: W->l,W--------------
38--: W->l----------------
41--: N->pI;--------------
42--: I->i----------------

		Таблица лексем
------------------------------------------------------------------------------------------
   # | Лексема                     | Строка                      | Индекс в ТИ
------------------------------------------------------------------------------------------
0000 | t                           | 1                           | -
0001 | f                           | 1                           | -
0002 | i                           | 1                           | 0                      
0003 | (                           | 1                           | -
0004 | t                           | 1                           | -
0005 | i                           | 1                           | 1                      
0006 | ,                           | 1                           | -
0007 | t                           | 1                           | -
0008 | i                           | 1                           | 2                      
0009 | )                           | 1                           | -
0010 | {                           | 2                           | -
0011 | d                           | 3                           | -
0012 | t                           | 3                           | -
0013 | i                           | 3                           | 3                      
0014 | =                           | 3                           | -
0015 | i                           | 3                           | 1                      
0016 | i                           | 3                           | 2                      
0017 | v                       +   | 3                           | 4                      
0018 | ;                           | 3                           | -
0019 | p                           | 4                           | -
0020 | i                           | 4                           | 3                      
0021 | ;                           | 4                           | -
0022 | r                           | 5                           | -
0023 | l                           | 5                           | 5                      
0024 | ;                           | 5                           | -
0025 | }                           | 6                           | -
0026 | m                           | 8                           | 6                      
0027 | {                           | 9                           | -
0028 | d                           | 10                          | -
0029 | t                           | 10                          | -
0030 | i                           | 10                          | 7                      
0031 | =                           | 10                          | -
0032 | l                           | 10                          | 8                      
0033 | l                           | 10                          | 10                     
0034 | l                           | 10                          | 11                     
0035 | @                           | 10                          | 0                      
0036 | 2                           | 10                          | -
0037 | v                       /   | 10                          | 9                      
0038 |                             | 10                          | -
0039 |                             | 10                          | -
0040 | ;                           | 10                          | -
0041 | p                           | 11                          | -
0042 | i                           | 11                          | 7                      
0043 | ;                           | 11                          | -
0044 | }                           | 12                          | -
------------------------------------------------------------------------------------------
	Всего лексем: 45
------------------------------------------------------------------------------------------

---------------------------------------------------------------------------------------
   # | Идентификатор | Тип данных | Тип идентификатора | Значение
---------------------------------------------------------------------------------------
0000 | sum           | uint       | функция            | -
0001 | sum_a         | uint       | параметр           | -
0002 | sum_b         | uint       | параметр           | -
0003 | sum_c         | uint       | переменная         | 0                 
0004 | +             | -          | оператор           | -
0005 | L1            | uint       | литерал            | 0                 
0006 | main          | uint       | функция            | -
0007 | main_a        | uint       | переменная         | 0                 
0008 | L2            | uint       | литерал            | 8                 
0009 | /             | -          | оператор           | -
0010 | L3            | uint       | литерал            | 9                 
0011 | L4            | uint       | литерал            | 5                 
---------------------------------------------------------------------------------------
Количество идентификаторов: 12
---------------------------------------------------------------------------------------

		Промежуточное представление
0001| tfi(ti,ti){dti=iiv;
0002| pi;
0003| rl;
0004| }m{dti=lll@2v  ;
0005| pi;
0006| }