
---- Протокол ---- 
Дата: 20.12.22 23:40:01 ---- 
---- Параметры ---- 
 -in: ex4.txt
 -out: ex4.txt.asm
 -log: ex4.txt.log
----------------------------------Исхдные данныe-------------------------------
uint func sum ( uint a , uint b ) 
 { 
 new uint c = a + b ; 
 print c ; 
 ret 0 ; 
 } 
 
 main
  { 
 new uint a = 200 + 200 ; 
 print a ; 
 } 
 
 
Всего символов: 147
Всего строк: 13
Пропущено: 0
-------------------------------------------------------------------------------

		Таблица лексем
------------------------------------------------------------------------------------------
   # | Лексема                     | Строка                      | Индекс в ТИ
------------------------------------------------------------------------------------------
0000 | t                           | 1                           | -
0001 | f                           | 1                           | -
0002 | i                           | 1                           | 0                      
0003 | (                           | 1                           | -
0004 | t                           | 1                           | -
0005 | i                           | 1                           | 1                      
0006 | ,                           | 1                           | -
0007 | t                           | 1                           | -
0008 | i                           | 1                           | 2                      
0009 | )                           | 1                           | -
0010 | {                           | 2                           | -
0011 | d                           | 3                           | -
0012 | t                           | 3                           | -
0013 | i                           | 3                           | 3                      
0014 | =                           | 3                           | -
0015 | i                           | 3                           | 1                      
0016 | v                       +   | 3                           | 4                      
0017 | i                           | 3                           | 2                      
0018 | ;                           | 3                           | -
0019 | p                           | 4                           | -
0020 | i                           | 4                           | 3                      
0021 | ;                           | 4                           | -
0022 | r                           | 5                           | -
0023 | l                           | 5                           | 5                      
0024 | ;                           | 5                           | -
0025 | }                           | 6                           | -
0026 | m                           | 8                           | 6                      
0027 | {                           | 9                           | -
0028 | d                           | 10                          | -
0029 | t                           | 10                          | -
0030 | i                           | 10                          | 7                      
0031 | =                           | 10                          | -
0032 | l                           | 10                          | 8                      
0033 | v                       +   | 10                          | 4                      
0034 | l                           | 10                          | 8                      
0035 | ;                           | 10                          | -
0036 | p                           | 11                          | -
0037 | i                           | 11                          | 7                      
0038 | ;                           | 11                          | -
0039 | }                           | 12                          | -
------------------------------------------------------------------------------------------
	Всего лексем: 40
------------------------------------------------------------------------------------------
Шаг-:Правило-------------Входная лента-----------------Стек----------------
0---: S->tfiFBS-----------tfi(ti,ti){dti=ivi;pi;rl;-----S$------------------
0---: SAVESTATE:----------1
0---:  -------------------tfi(ti,ti){dti=ivi;pi;rl;-----tfiFBS$-------------
1---:  -------------------fi(ti,ti){dti=ivi;pi;rl;}-----fiFBS$--------------
2---:  -------------------i(ti,ti){dti=ivi;pi;rl;}m-----iFBS$---------------
3---:  -------------------(ti,ti){dti=ivi;pi;rl;}m{-----FBS$----------------
4---: F->(P)--------------(ti,ti){dti=ivi;pi;rl;}m{-----FBS$----------------
4---: SAVESTATE:----------2
4---:  -------------------(ti,ti){dti=ivi;pi;rl;}m{-----(P)BS$--------------
5---:  -------------------ti,ti){dti=ivi;pi;rl;}m{d-----P)BS$---------------
6---: P->ti---------------ti,ti){dti=ivi;pi;rl;}m{d-----P)BS$---------------
6---: SAVESTATE:----------3
6---:  -------------------ti,ti){dti=ivi;pi;rl;}m{d-----ti)BS$--------------
7---:  -------------------i,ti){dti=ivi;pi;rl;}m{dt-----i)BS$---------------
8---:  -------------------,ti){dti=ivi;pi;rl;}m{dti-----)BS$----------------
9---: TS_NOK/NS_NORULECHAIN
9---: RESTATE-------------
9---:  -------------------ti,ti){dti=ivi;pi;rl;}m{d-----P)BS$---------------
10--: P->ti,P-------------ti,ti){dti=ivi;pi;rl;}m{d-----P)BS$---------------
10--: SAVESTATE:----------3
10--:  -------------------ti,ti){dti=ivi;pi;rl;}m{d-----ti,P)BS$------------
11--:  -------------------i,ti){dti=ivi;pi;rl;}m{dt-----i,P)BS$-------------
12--:  -------------------,ti){dti=ivi;pi;rl;}m{dti-----,P)BS$--------------
13--:  -------------------ti){dti=ivi;pi;rl;}m{dti=-----P)BS$---------------
14--: P->ti---------------ti){dti=ivi;pi;rl;}m{dti=-----P)BS$---------------
14--: SAVESTATE:----------4
14--:  -------------------ti){dti=ivi;pi;rl;}m{dti=-----ti)BS$--------------
15--:  -------------------i){dti=ivi;pi;rl;}m{dti=l-----i)BS$---------------
16--:  -------------------){dti=ivi;pi;rl;}m{dti=lv-----)BS$----------------
17--:  -------------------{dti=ivi;pi;rl;}m{dti=lvl-----BS$-----------------
18--: B->{NrI;}-----------{dti=ivi;pi;rl;}m{dti=lvl-----BS$-----------------
18--: SAVESTATE:----------5
18--:  -------------------{dti=ivi;pi;rl;}m{dti=lvl-----{NrI;}S$------------
19--:  -------------------dti=ivi;pi;rl;}m{dti=lvl;-----NrI;}S$-------------
20--: N->dti;N------------dti=ivi;pi;rl;}m{dti=lvl;-----NrI;}S$-------------
20--: SAVESTATE:----------6
20--:  -------------------dti=ivi;pi;rl;}m{dti=lvl;-----dti;NrI;}S$---------
21--:  -------------------ti=ivi;pi;rl;}m{dti=lvl;p-----ti;NrI;}S$----------
22--:  -------------------i=ivi;pi;rl;}m{dti=lvl;pi-----i;NrI;}S$-----------
23--:  -------------------=ivi;pi;rl;}m{dti=lvl;pi;-----;NrI;}S$------------
24--: TS_NOK/NS_NORULECHAIN
24--: RESTATE-------------
24--:  -------------------dti=ivi;pi;rl;}m{dti=lvl;-----NrI;}S$-------------
25--: N->dti=E;N----------dti=ivi;pi;rl;}m{dti=lvl;-----NrI;}S$-------------
25--: SAVESTATE:----------6
25--:  -------------------dti=ivi;pi;rl;}m{dti=lvl;-----dti=E;NrI;}S$-------
26--:  -------------------ti=ivi;pi;rl;}m{dti=lvl;p-----ti=E;NrI;}S$--------
27--:  -------------------i=ivi;pi;rl;}m{dti=lvl;pi-----i=E;NrI;}S$---------
28--:  -------------------=ivi;pi;rl;}m{dti=lvl;pi;-----=E;NrI;}S$----------
29--:  -------------------ivi;pi;rl;}m{dti=lvl;pi;}-----E;NrI;}S$-----------
30--: E->i----------------ivi;pi;rl;}m{dti=lvl;pi;}-----E;NrI;}S$-----------
30--: SAVESTATE:----------7
30--:  -------------------ivi;pi;rl;}m{dti=lvl;pi;}-----i;NrI;}S$-----------
31--:  -------------------vi;pi;rl;}m{dti=lvl;pi;}------;NrI;}S$------------
32--: TS_NOK/NS_NORULECHAIN
32--: RESTATE-------------
32--:  -------------------ivi;pi;rl;}m{dti=lvl;pi;}-----E;NrI;}S$-----------
33--: E->iM---------------ivi;pi;rl;}m{dti=lvl;pi;}-----E;NrI;}S$-----------
33--: SAVESTATE:----------7
33--:  -------------------ivi;pi;rl;}m{dti=lvl;pi;}-----iM;NrI;}S$----------
34--:  -------------------vi;pi;rl;}m{dti=lvl;pi;}------M;NrI;}S$-----------
35--: M->vE---------------vi;pi;rl;}m{dti=lvl;pi;}------M;NrI;}S$-----------
35--: SAVESTATE:----------8
35--:  -------------------vi;pi;rl;}m{dti=lvl;pi;}------vE;NrI;}S$----------
36--:  -------------------i;pi;rl;}m{dti=lvl;pi;}-------E;NrI;}S$-----------
37--: E->i----------------i;pi;rl;}m{dti=lvl;pi;}-------E;NrI;}S$-----------
37--: SAVESTATE:----------9
37--:  -------------------i;pi;rl;}m{dti=lvl;pi;}-------i;NrI;}S$-----------
38--:  -------------------;pi;rl;}m{dti=lvl;pi;}--------;NrI;}S$------------
39--:  -------------------pi;rl;}m{dti=lvl;pi;}---------NrI;}S$-------------
40--: N->pI;N-------------pi;rl;}m{dti=lvl;pi;}---------NrI;}S$-------------
40--: SAVESTATE:----------10
40--:  -------------------pi;rl;}m{dti=lvl;pi;}---------pI;NrI;}S$----------
41--:  -------------------i;rl;}m{dti=lvl;pi;}----------I;NrI;}S$-----------
42--: I->i----------------i;rl;}m{dti=lvl;pi;}----------I;NrI;}S$-----------
42--: SAVESTATE:----------11
42--:  -------------------i;rl;}m{dti=lvl;pi;}----------i;NrI;}S$-----------
43--:  -------------------;rl;}m{dti=lvl;pi;}-----------;NrI;}S$------------
44--:  -------------------rl;}m{dti=lvl;pi;}------------NrI;}S$-------------
45--: TNS_NORULECHAIN/NS_NORULE
45--: RESTATE-------------
45--:  -------------------i;rl;}m{dti=lvl;pi;}----------I;NrI;}S$-----------
46--: TNS_NORULECHAIN/NS_NORULE
46--: RESTATE-------------
46--:  -------------------pi;rl;}m{dti=lvl;pi;}---------NrI;}S$-------------
47--: N->pI;--------------pi;rl;}m{dti=lvl;pi;}---------NrI;}S$-------------
47--: SAVESTATE:----------10
47--:  -------------------pi;rl;}m{dti=lvl;pi;}---------pI;rI;}S$-----------
48--:  -------------------i;rl;}m{dti=lvl;pi;}----------I;rI;}S$------------
49--: I->i----------------i;rl;}m{dti=lvl;pi;}----------I;rI;}S$------------
49--: SAVESTATE:----------11
49--:  -------------------i;rl;}m{dti=lvl;pi;}----------i;rI;}S$------------
50--:  -------------------;rl;}m{dti=lvl;pi;}-----------;rI;}S$-------------
51--:  -------------------rl;}m{dti=lvl;pi;}------------rI;}S$--------------
52--:  -------------------l;}m{dti=lvl;pi;}-------------I;}S$---------------
53--: I->l----------------l;}m{dti=lvl;pi;}-------------I;}S$---------------
53--: SAVESTATE:----------12
53--:  -------------------l;}m{dti=lvl;pi;}-------------l;}S$---------------
54--:  -------------------;}m{dti=lvl;pi;}--------------;}S$----------------
55--:  -------------------}m{dti=lvl;pi;}---------------}S$-----------------
56--:  -------------------m{dti=lvl;pi;}----------------S$------------------
57--: S->m{N}-------------m{dti=lvl;pi;}----------------S$------------------
57--: SAVESTATE:----------13
57--:  -------------------m{dti=lvl;pi;}----------------m{N}$---------------
58--:  -------------------{dti=lvl;pi;}-----------------{N}$----------------
59--:  -------------------dti=lvl;pi;}------------------N}$-----------------
60--: N->dti;N------------dti=lvl;pi;}------------------N}$-----------------
60--: SAVESTATE:----------14
60--:  -------------------dti=lvl;pi;}------------------dti;N}$-------------
61--:  -------------------ti=lvl;pi;}-------------------ti;N}$--------------
62--:  -------------------i=lvl;pi;}--------------------i;N}$---------------
63--:  -------------------=lvl;pi;}---------------------;N}$----------------
64--: TS_NOK/NS_NORULECHAIN
64--: RESTATE-------------
64--:  -------------------dti=lvl;pi;}------------------N}$-----------------
65--: N->dti=E;N----------dti=lvl;pi;}------------------N}$-----------------
65--: SAVESTATE:----------14
65--:  -------------------dti=lvl;pi;}------------------dti=E;N}$-----------
66--:  -------------------ti=lvl;pi;}-------------------ti=E;N}$------------
67--:  -------------------i=lvl;pi;}--------------------i=E;N}$-------------
68--:  -------------------=lvl;pi;}---------------------=E;N}$--------------
69--:  -------------------lvl;pi;}----------------------E;N}$---------------
70--: E->l----------------lvl;pi;}----------------------E;N}$---------------
70--: SAVESTATE:----------15
70--:  -------------------lvl;pi;}----------------------l;N}$---------------
71--:  -------------------vl;pi;}-----------------------;N}$----------------
72--: TS_NOK/NS_NORULECHAIN
72--: RESTATE-------------
72--:  -------------------lvl;pi;}----------------------E;N}$---------------
73--: E->lM---------------lvl;pi;}----------------------E;N}$---------------
73--: SAVESTATE:----------15
73--:  -------------------lvl;pi;}----------------------lM;N}$--------------
74--:  -------------------vl;pi;}-----------------------M;N}$---------------
75--: M->vE---------------vl;pi;}-----------------------M;N}$---------------
75--: SAVESTATE:----------16
75--:  -------------------vl;pi;}-----------------------vE;N}$--------------
76--:  -------------------l;pi;}------------------------E;N}$---------------
77--: E->l----------------l;pi;}------------------------E;N}$---------------
77--: SAVESTATE:----------17
77--:  -------------------l;pi;}------------------------l;N}$---------------
78--:  -------------------;pi;}-------------------------;N}$----------------
79--:  -------------------pi;}--------------------------N}$-----------------
80--: N->pI;N-------------pi;}--------------------------N}$-----------------
80--: SAVESTATE:----------18
80--:  -------------------pi;}--------------------------pI;N}$--------------
81--:  -------------------i;}---------------------------I;N}$---------------
82--: I->i----------------i;}---------------------------I;N}$---------------
82--: SAVESTATE:----------19
82--:  -------------------i;}---------------------------i;N}$---------------
83--:  -------------------;}----------------------------;N}$----------------
84--:  -------------------}-----------------------------N}$-----------------
85--: TNS_NORULECHAIN/NS_NORULE
85--: RESTATE-------------
85--:  -------------------i;}---------------------------I;N}$---------------
86--: TNS_NORULECHAIN/NS_NORULE
86--: RESTATE-------------
86--:  -------------------pi;}--------------------------N}$-----------------
87--: N->pI;--------------pi;}--------------------------N}$-----------------
87--: SAVESTATE:----------18
87--:  -------------------pi;}--------------------------pI;}$---------------
88--:  -------------------i;}---------------------------I;}$----------------
89--: I->i----------------i;}---------------------------I;}$----------------
89--: SAVESTATE:----------19
89--:  -------------------i;}---------------------------i;}$----------------
90--:  -------------------;}----------------------------;}$-----------------
91--:  -------------------}-----------------------------}$------------------
92--:  -------------------------------------------------$-------------------
93--: LENTA_END-----------
94--: ------>LENTA_END----
--------------------------------------------
0---: всего строк 40, синтаксический анализ выполнен без ошибок
0---: S->tfiFBS-----------
3---: F->(P)--------------
4---: P->ti,P-------------
7---: P->ti---------------
10--: B->{NrI;}-----------
11--: N->dti=E;N----------
15--: E->iM---------------
16--: M->vE---------------
17--: E->i----------------
19--: N->pI;--------------
20--: I->i----------------
23--: I->l----------------
26--: S->m{N}-------------
28--: N->dti=E;N----------
32--: E->lM---------------
33--: M->vE---------------
34--: E->l----------------
36--: N->pI;--------------
37--: I->i----------------

		Таблица лексем
------------------------------------------------------------------------------------------
   # | Лексема                     | Строка                      | Индекс в ТИ
------------------------------------------------------------------------------------------
0000 | t                           | 1                           | -
0001 | f                           | 1                           | -
0002 | i                           | 1                           | 0                      
0003 | (                           | 1                           | -
0004 | t                           | 1                           | -
0005 | i                           | 1                           | 1                      
0006 | ,                           | 1                           | -
0007 | t                           | 1                           | -
0008 | i                           | 1                           | 2                      
0009 | )                           | 1                           | -
0010 | {                           | 2                           | -
0011 | d                           | 3                           | -
0012 | t                           | 3                           | -
0013 | i                           | 3                           | 3                      
0014 | =                           | 3                           | -
0015 | i                           | 3                           | 1                      
0016 | i                           | 3                           | 2                      
0017 | v                       +   | 3                           | 4                      
0018 | ;                           | 3                           | -
0019 | p                           | 4                           | -
0020 | i                           | 4                           | 3                      
0021 | ;                           | 4                           | -
0022 | r                           | 5                           | -
0023 | l                           | 5                           | 5                      
0024 | ;                           | 5                           | -
0025 | }                           | 6                           | -
0026 | m                           | 8                           | 6                      
0027 | {                           | 9                           | -
0028 | d                           | 10                          | -
0029 | t                           | 10                          | -
0030 | i                           | 10                          | 7                      
0031 | =                           | 10                          | -
0032 | l                           | 10                          | 8                      
0033 | l                           | 10                          | 8                      
0034 | v                       +   | 10                          | 4                      
0035 | ;                           | 10                          | -
0036 | p                           | 11                          | -
0037 | i                           | 11                          | 7                      
0038 | ;                           | 11                          | -
0039 | }                           | 12                          | -
------------------------------------------------------------------------------------------
	Всего лексем: 40
------------------------------------------------------------------------------------------

---------------------------------------------------------------------------------------
   # | Идентификатор | Тип данных | Тип идентификатора | Значение
---------------------------------------------------------------------------------------
0000 | sum           | uint       | функция            | -
0001 | sum_a         | uint       | параметр           | -
0002 | sum_b         | uint       | параметр           | -
0003 | sum_c         | uint       | переменная         | 0                 
0004 | +             | -          | оператор           | -
0005 | L1            | uint       | литерал            | 0                 
0006 | main          | uint       | функция            | -
0007 | main_a        | uint       | переменная         | 0                 
0008 | L2            | uint       | литерал            | 200               
---------------------------------------------------------------------------------------
Количество идентификаторов: 9
---------------------------------------------------------------------------------------

		Промежуточное представление
0001| tfi(ti,ti){dti=iiv;
0002| pi;
0003| rl;
0004| }m{dti=llv;
0005| pi;
0006| }