d:\курс2\курсовая\nrv-2022\nrv-2022\debug\vc143.pdb
d:\курс2\курсовая\nrv-2022\nrv-2022\debug\vc143.idb
d:\курс2\курсовая\nrv-2022\nrv-2022\debug\semanaliz.obj
d:\курс2\курсовая\nrv-2022\nrv-2022\debug\polish.obj
d:\курс2\курсовая\nrv-2022\nrv-2022\debug\parm.obj
d:\курс2\курсовая\nrv-2022\nrv-2022\debug\mfst.obj
d:\курс2\курсовая\nrv-2022\nrv-2022\debug\lt.obj
d:\курс2\курсовая\nrv-2022\nrv-2022\debug\log.obj
d:\курс2\курсовая\nrv-2022\nrv-2022\debug\lexanaliz.obj
d:\курс2\курсовая\nrv-2022\nrv-2022\debug\nrv-2022.obj
d:\курс2\курсовая\nrv-2022\nrv-2022\debug\it.obj
d:\курс2\курсовая\nrv-2022\nrv-2022\debug\in.obj
d:\курс2\курсовая\nrv-2022\nrv-2022\debug\grb.obj
d:\курс2\курсовая\nrv-2022\nrv-2022\debug\generation.obj
d:\курс2\курсовая\nrv-2022\nrv-2022\debug\fst.obj
d:\курс2\курсовая\nrv-2022\nrv-2022\debug\error.obj
d:\курс2\курсовая\nrv-2022\nrv-2022\debug\nrv-2022.ilk
d:\курс2\курсовая\nrv-2022\debug\nrv-2022.exe
d:\курс2\курсовая\nrv-2022\debug\nrv-2022.pdb
d:\курс2\курсовая\nrv-2022\nrv-2022\debug\nrv-2022.tlog\cl.command.1.tlog
d:\курс2\курсовая\nrv-2022\nrv-2022\debug\nrv-2022.tlog\cl.read.1.tlog
d:\курс2\курсовая\nrv-2022\nrv-2022\debug\nrv-2022.tlog\cl.write.1.tlog
d:\курс2\курсовая\nrv-2022\nrv-2022\debug\nrv-2022.tlog\link.command.1.tlog
d:\курс2\курсовая\nrv-2022\nrv-2022\debug\nrv-2022.tlog\link.read.1.tlog
d:\курс2\курсовая\nrv-2022\nrv-2022\debug\nrv-2022.tlog\link.write.1.tlog
